2024-04-11 12:17:24,284 [DEBUG] urllib3.connectionpool: Starting new HTTPS connection (1): api.coincap.io:443
2024-04-11 12:17:24,945 [DEBUG] urllib3.connectionpool: https://api.coincap.io:443 "GET /v2/exchanges HTTP/1.1" 200 None
2024-04-11 12:17:24,946 [INFO] extract: API request status: 200
2024-04-11 12:17:24,950 [INFO] transform: There are 73 rows & 10 columns.
2024-04-11 12:17:24,961 [INFO] load: Successfully wrote to MotherDuck
2024-04-11 12:17:25,121 [DEBUG] urllib3.connectionpool: Starting new HTTPS connection (1): api.coincap.io:443
2024-04-11 12:17:25,638 [DEBUG] urllib3.connectionpool: https://api.coincap.io:443 "GET /v2/exchanges HTTP/1.1" 200 None
2024-04-11 12:17:25,640 [INFO] extract: API request status: 200
2024-04-11 12:17:25,644 [INFO] transform: There are 73 rows & 10 columns.
2024-04-11 12:22:30,720 [DEBUG] urllib3.connectionpool: Starting new HTTPS connection (1): api.coincap.io:443
2024-04-11 12:22:33,209 [DEBUG] urllib3.connectionpool: https://api.coincap.io:443 "GET /v2/exchanges HTTP/1.1" 200 None
2024-04-11 12:22:33,210 [INFO] extract: API request status: 200
2024-04-11 12:22:33,215 [INFO] transform: There are 73 rows & 10 columns.
2024-04-11 12:22:33,226 [INFO] load: Successfully wrote to MotherDuck
2024-04-11 12:22:33,381 [DEBUG] urllib3.connectionpool: Starting new HTTPS connection (1): api.coincap.io:443
2024-04-11 12:22:33,960 [DEBUG] urllib3.connectionpool: https://api.coincap.io:443 "GET /v2/exchanges HTTP/1.1" 200 None
2024-04-11 12:22:33,962 [INFO] extract: API request status: 200
2024-04-11 12:22:33,967 [INFO] transform: There are 73 rows & 10 columns.
2024-04-11 12:38:44,297 [DEBUG] urllib3.connectionpool: Starting new HTTPS connection (1): api.coincap.io:443
2024-04-11 12:38:44,938 [DEBUG] urllib3.connectionpool: https://api.coincap.io:443 "GET /v2/exchanges HTTP/1.1" 200 None
2024-04-11 12:38:44,940 [INFO] extract: API request status: 200
2024-04-11 12:38:44,944 [INFO] transform: There are 73 rows & 10 columns.
2024-04-11 12:38:44,955 [INFO] load: Successfully wrote to MotherDuck
2024-04-11 12:38:45,138 [DEBUG] urllib3.connectionpool: Starting new HTTPS connection (1): api.coincap.io:443
2024-04-11 12:38:45,675 [DEBUG] urllib3.connectionpool: https://api.coincap.io:443 "GET /v2/exchanges HTTP/1.1" 200 None
2024-04-11 12:38:45,677 [INFO] extract: API request status: 200
2024-04-11 12:38:45,685 [INFO] transform: There are 73 rows & 10 columns.
2024-04-11 17:42:24,564 [DEBUG] urllib3.connectionpool: Starting new HTTPS connection (1): api.coincap.io:443
2024-04-11 17:42:25,255 [DEBUG] urllib3.connectionpool: https://api.coincap.io:443 "GET /v2/exchanges HTTP/1.1" 200 None
2024-04-11 17:42:25,257 [INFO] extract: API request status: 200
2024-04-11 17:42:25,261 [INFO] transform: There are 73 rows & 10 columns.
2024-04-11 19:01:06,313 [DEBUG] urllib3.connectionpool: Starting new HTTPS connection (1): api.coincap.io:443
2024-04-11 19:01:06,344 [ERROR] extract: There was an error with the request, HTTPSConnectionPool(host='api.coincap.io', port=443): Max retries exceeded with url: /v2/exchanges (Caused by NewConnectionError('<urllib3.connection.HTTPSConnection object at 0x7fc1ded09970>: Failed to establish a new connection: [Errno -2] Name or service not known'))
